<?xml version="1.0" encoding="UTF-8"?>
<!-- Generated by org.testng.reporters.JUnitReportReporter -->
<testsuite hostname="DESKTOP-K4PK96U" failures="0" tests="3" name="com.home.APITestingFramework.utilities.TestParameterization" time="0.015" errors="0" timestamp="2023-02-23T09:55:20 IST" skipped="0">
  <testcase classname="com.home.APITestingFramework.utilities.TestParameterization" name="addCustomer" time="0.003"/>
  <system-out/>
  <testcase classname="com.home.APITestingFramework.utilities.TestParameterization" name="addCustomer" time="0.005"/>
  <system-out/>
  <testcase classname="com.home.APITestingFramework.utilities.TestParameterization" name="addCustomer" time="0.007"/>
  <system-out/>
</testsuite> <!-- com.home.APITestingFramework.utilities.TestParameterization -->
