<?xml version="1.0" encoding="UTF-8"?>
<!-- Generated by org.testng.reporters.JUnitReportReporter -->
<testsuite skipped="0" hostname="DESKTOP-K4PK96U" name="com.home.APITestingFramework.testcases.DeleteCustomerTest" tests="3" failures="0" timestamp="24 Feb 2023 07:01:01 GMT" time="4.787" errors="0">
  <testcase name="deleteCustomerWithValidCustomerId" time="1.521" classname="com.home.APITestingFramework.testcases.DeleteCustomerTest"/>
  <testcase name="deleteCustomerWithValidCustomerId" time="1.762" classname="com.home.APITestingFramework.testcases.DeleteCustomerTest"/>
  <testcase name="deleteCustomerWithValidCustomerId" time="1.504" classname="com.home.APITestingFramework.testcases.DeleteCustomerTest"/>
</testsuite> <!-- com.home.APITestingFramework.testcases.DeleteCustomerTest -->
