<?xml version="1.0" encoding="UTF-8"?>
<!-- Generated by org.testng.reporters.JUnitReportReporter -->
<testsuite skipped="0" hostname="DESKTOP-K4PK96U" name="com.home.APITestingFramework.testcases.CreateCustomerTest" tests="5" failures="0" timestamp="24 Feb 2023 07:01:01 GMT" time="25.965" errors="0">
  <testcase name="validateCreateCustomerAPIWithValidSecretkey" time="2.137" classname="com.home.APITestingFramework.testcases.CreateCustomerTest"/>
  <testcase name="validateCreateCustomerAPIWithInValidSecretkey" time="9.432" classname="com.home.APITestingFramework.testcases.CreateCustomerTest"/>
  <testcase name="validateCreateCustomerAPIWithInValidSecretkey" time="9.433" classname="com.home.APITestingFramework.testcases.CreateCustomerTest"/>
  <testcase name="validateCreateCustomerAPIWithValidSecretkey" time="2.134" classname="com.home.APITestingFramework.testcases.CreateCustomerTest"/>
  <testcase name="validateCreateCustomerAPIWithValidSecretkey" time="2.829" classname="com.home.APITestingFramework.testcases.CreateCustomerTest"/>
</testsuite> <!-- com.home.APITestingFramework.testcases.CreateCustomerTest -->
